<?xml version="1.0" encoding="UTF-8"?>
<!-- Generated by org.testng.reporters.JUnitXMLReporter -->
<testsuite ignored="5" hostname="DESKTOP-JO74DSF" failures="0" tests="1" name="Default test" time="3.129" errors="0" timestamp="2022-02-15T23:52:00 IST">
  <testcase classname="RestAssuredSpotify.Spotify.SpotifyApi" name="testGET_CurrentUserProfile_ShoulReturn_StatusCode200" time="3.04"/>
  <testcase classname="RestAssuredSpotify.Spotify.SpotifyApi" name="testPOST_when_CreateAPlaylist_ShouldReturnStatusCode201" time="0.0">
    <ignored/>
  </testcase> <!-- testPOST_when_CreateAPlaylist_ShouldReturnStatusCode201 -->
  <testcase classname="RestAssuredSpotify.Spotify.SpotifyApi" name="testDELETE_When_RemoveTracksforCurrentUser_ShouldReturnStatusCode200" time="0.0">
    <ignored/>
  </testcase> <!-- testDELETE_When_RemoveTracksforCurrentUser_ShouldReturnStatusCode200 -->
  <testcase classname="RestAssuredSpotify.Spotify.SpotifyApi" name="testPUT_When_UpdatePlaylist_ShouldReturnStatusCode200" time="0.0">
    <ignored/>
  </testcase> <!-- testPUT_When_UpdatePlaylist_ShouldReturnStatusCode200 -->
  <testcase classname="RestAssuredSpotify.Spotify.SpotifyApi" name="testGET_CurrentUserProfileId_ShouldReturn_StatusCode200" time="0.0">
    <ignored/>
  </testcase> <!-- testGET_CurrentUserProfileId_ShouldReturn_StatusCode200 -->
  <testcase classname="RestAssuredSpotify.Spotify.SpotifyApi" name="testPUT_When_ChangePlaylistDetailst_ShouldReturnStatusCode200" time="0.0">
    <ignored/>
  </testcase> <!-- testPUT_When_ChangePlaylistDetailst_ShouldReturnStatusCode200 -->
</testsuite> <!-- Default test -->
