<?xml version="1.0" encoding="UTF-8"?>
<testng-results ignored="5" total="6" passed="1" failed="0" skipped="0">
  <reporter-output>
  </reporter-output>
  <suite started-at="2022-02-15T23:51:57 IST" name="Default suite" finished-at="2022-02-15T23:52:00 IST" duration-ms="3129">
    <groups>
    </groups>
    <test started-at="2022-02-15T23:51:57 IST" name="Default test" finished-at="2022-02-15T23:52:00 IST" duration-ms="3129">
      <class name="RestAssuredSpotify.Spotify.SpotifyApi">
        <test-method is-config="true" signature="setup()[pri:0, instance:RestAssuredSpotify.Spotify.SpotifyApi@4c9f8c13]" started-at="2022-02-15T23:51:57 IST" name="setup" finished-at="2022-02-15T23:51:57 IST" duration-ms="17" status="PASS">
          <reporter-output>
          </reporter-output>
        </test-method> <!-- setup -->
        <test-method signature="testGET_CurrentUserProfile_ShoulReturn_StatusCode200()[pri:0, instance:RestAssuredSpotify.Spotify.SpotifyApi@4c9f8c13]" started-at="2022-02-15T23:51:57 IST" name="testGET_CurrentUserProfile_ShoulReturn_StatusCode200" finished-at="2022-02-15T23:52:00 IST" duration-ms="3040" status="PASS">
          <reporter-output>
          </reporter-output>
        </test-method> <!-- testGET_CurrentUserProfile_ShoulReturn_StatusCode200 -->
      </class> <!-- RestAssuredSpotify.Spotify.SpotifyApi -->
    </test> <!-- Default test -->
  </suite> <!-- Default suite -->
</testng-results>
